<?xml version="1.0" encoding="UTF-8"?>
<testsuite name="com.api.delivery.controller.DeliveryControllerTest" tests="10" skipped="0" failures="0" errors="0" timestamp="2022-06-24T16:40:38" hostname="GFT-IYYHJWBBYMX" time="3.603">
  <properties/>
  <testcase name="test find delivery by id client and id delivery invalid()" classname="com.api.delivery.controller.DeliveryControllerTest" time="2.253"/>
  <testcase name="test find all delivery by id client valid()" classname="com.api.delivery.controller.DeliveryControllerTest" time="0.236"/>
  <testcase name="test create new delivery invalid products id invalid()" classname="com.api.delivery.controller.DeliveryControllerTest" time="0.681"/>
  <testcase name="test create new delivery invalid products qtd invalid()" classname="com.api.delivery.controller.DeliveryControllerTest" time="0.022"/>
  <testcase name="test create new delivery valid()" classname="com.api.delivery.controller.DeliveryControllerTest" time="0.226"/>
  <testcase name="test create new delivery invalid id client()" classname="com.api.delivery.controller.DeliveryControllerTest" time="0.021"/>
  <testcase name="test find all delivery by id client invalid()" classname="com.api.delivery.controller.DeliveryControllerTest" time="0.023"/>
  <testcase name="test create new delivery invalid products empty()" classname="com.api.delivery.controller.DeliveryControllerTest" time="0.025"/>
  <testcase name="test find delivery by id client and id delivery valid()" classname="com.api.delivery.controller.DeliveryControllerTest" time="0.044"/>
  <testcase name="test find delivery by id client invalid and id delivery invalid()" classname="com.api.delivery.controller.DeliveryControllerTest" time="0.024"/>
  <system-out><![CDATA[13:40:24.372 [Test worker] DEBUG org.springframework.test.context.BootstrapUtils - Instantiating CacheAwareContextLoaderDelegate from class [org.springframework.test.context.cache.DefaultCacheAwareContextLoaderDelegate]
13:40:24.414 [Test worker] DEBUG org.springframework.test.context.BootstrapUtils - Instantiating BootstrapContext using constructor [public org.springframework.test.context.support.DefaultBootstrapContext(java.lang.Class,org.springframework.test.context.CacheAwareContextLoaderDelegate)]
13:40:24.497 [Test worker] DEBUG org.springframework.test.context.BootstrapUtils - Instantiating TestContextBootstrapper for test class [com.api.delivery.controller.DeliveryControllerTest] from class [org.springframework.boot.test.context.SpringBootTestContextBootstrapper]
13:40:24.523 [Test worker] INFO org.springframework.boot.test.context.SpringBootTestContextBootstrapper - Neither @ContextConfiguration nor @ContextHierarchy found for test class [com.api.delivery.controller.DeliveryControllerTest], using SpringBootContextLoader
13:40:24.536 [Test worker] DEBUG org.springframework.test.context.support.AbstractContextLoader - Did not detect default resource location for test class [com.api.delivery.controller.DeliveryControllerTest]: class path resource [com/api/delivery/controller/DeliveryControllerTest-context.xml] does not exist
13:40:24.537 [Test worker] DEBUG org.springframework.test.context.support.AbstractContextLoader - Did not detect default resource location for test class [com.api.delivery.controller.DeliveryControllerTest]: class path resource [com/api/delivery/controller/DeliveryControllerTestContext.groovy] does not exist
13:40:24.538 [Test worker] INFO org.springframework.test.context.support.AbstractContextLoader - Could not detect default resource locations for test class [com.api.delivery.controller.DeliveryControllerTest]: no resource found for suffixes {-context.xml, Context.groovy}.
13:40:24.539 [Test worker] INFO org.springframework.test.context.support.AnnotationConfigContextLoaderUtils - Could not detect default configuration classes for test class [com.api.delivery.controller.DeliveryControllerTest]: DeliveryControllerTest does not declare any static, non-private, non-final, nested classes annotated with @Configuration.
13:40:24.726 [Test worker] DEBUG org.springframework.test.context.support.ActiveProfilesUtils - Could not find an 'annotation declaring class' for annotation type [org.springframework.test.context.ActiveProfiles] and class [com.api.delivery.controller.DeliveryControllerTest]
13:40:24.840 [Test worker] DEBUG org.springframework.context.annotation.ClassPathScanningCandidateComponentProvider - Identified candidate component class: file [C:\Users\lopv\Documents\Treinamento\first-kotlin\delivery-api\build\classes\kotlin\main\com\api\delivery\DeliveryApiApplication.class]
13:40:24.844 [Test worker] INFO org.springframework.boot.test.context.SpringBootTestContextBootstrapper - Found @SpringBootConfiguration com.api.delivery.DeliveryApiApplication for test class com.api.delivery.controller.DeliveryControllerTest
13:40:24.993 [Test worker] DEBUG org.springframework.boot.test.context.SpringBootTestContextBootstrapper - @TestExecutionListeners is not present for class [com.api.delivery.controller.DeliveryControllerTest]: using defaults.
13:40:24.993 [Test worker] INFO org.springframework.boot.test.context.SpringBootTestContextBootstrapper - Loaded default TestExecutionListener class names from location [META-INF/spring.factories]: [com.ninjasquad.springmockk.MockkTestExecutionListener, com.ninjasquad.springmockk.ClearMocksTestExecutionListener, org.springframework.boot.test.autoconfigure.restdocs.RestDocsTestExecutionListener, org.springframework.boot.test.autoconfigure.web.client.MockRestServiceServerResetTestExecutionListener, org.springframework.boot.test.autoconfigure.web.servlet.MockMvcPrintOnlyOnFailureTestExecutionListener, org.springframework.boot.test.autoconfigure.web.servlet.WebDriverTestExecutionListener, org.springframework.boot.test.autoconfigure.webservices.client.MockWebServiceServerTestExecutionListener, org.springframework.boot.test.mock.mockito.MockitoTestExecutionListener, org.springframework.boot.test.mock.mockito.ResetMocksTestExecutionListener, org.springframework.test.context.web.ServletTestExecutionListener, org.springframework.test.context.support.DirtiesContextBeforeModesTestExecutionListener, org.springframework.test.context.event.ApplicationEventsTestExecutionListener, org.springframework.test.context.support.DependencyInjectionTestExecutionListener, org.springframework.test.context.support.DirtiesContextTestExecutionListener, org.springframework.test.context.transaction.TransactionalTestExecutionListener, org.springframework.test.context.jdbc.SqlScriptsTestExecutionListener, org.springframework.test.context.event.EventPublishingTestExecutionListener]
13:40:25.480 [Test worker] INFO org.springframework.boot.test.context.SpringBootTestContextBootstrapper - Using TestExecutionListeners: [org.springframework.test.context.web.ServletTestExecutionListener@78b41097, org.springframework.test.context.support.DirtiesContextBeforeModesTestExecutionListener@2c2db130, org.springframework.test.context.event.ApplicationEventsTestExecutionListener@327c7bea, com.ninjasquad.springmockk.MockkTestExecutionListener@348d18a3, org.springframework.boot.test.mock.mockito.MockitoTestExecutionListener@6c65860d, org.springframework.boot.test.autoconfigure.SpringBootDependencyInjectionTestExecutionListener@2d000e80, org.springframework.test.context.support.DirtiesContextTestExecutionListener@7cf283e1, org.springframework.test.context.transaction.TransactionalTestExecutionListener@20e6c4dc, org.springframework.test.context.jdbc.SqlScriptsTestExecutionListener@60737b23, org.springframework.test.context.event.EventPublishingTestExecutionListener@4d2a1da3, com.ninjasquad.springmockk.ClearMocksTestExecutionListener@252f626c, org.springframework.boot.test.autoconfigure.restdocs.RestDocsTestExecutionListener@33f98231, org.springframework.boot.test.autoconfigure.web.client.MockRestServiceServerResetTestExecutionListener@48284d0e, org.springframework.boot.test.autoconfigure.web.servlet.MockMvcPrintOnlyOnFailureTestExecutionListener@557286ad, org.springframework.boot.test.autoconfigure.web.servlet.WebDriverTestExecutionListener@b10a26d, org.springframework.boot.test.autoconfigure.webservices.client.MockWebServiceServerTestExecutionListener@74075134, org.springframework.boot.test.mock.mockito.ResetMocksTestExecutionListener@7e4d2287]
13:40:25.487 [Test worker] DEBUG org.springframework.test.context.support.AbstractDirtiesContextTestExecutionListener - Before test class: context [DefaultTestContext@f2ce6b testClass = DeliveryControllerTest, testInstance = [null], testMethod = [null], testException = [null], mergedContextConfiguration = [WebMergedContextConfiguration@25c53f74 testClass = DeliveryControllerTest, locations = '{}', classes = '{class com.api.delivery.DeliveryApiApplication}', contextInitializerClasses = '[]', activeProfiles = '{}', propertySourceLocations = '{}', propertySourceProperties = '{org.springframework.boot.test.context.SpringBootTestContextBootstrapper=true, server.port=0}', contextCustomizers = set[MockkContextCustomizer(definitions=[[MockkDefinition@5e2f3be5 name = [null], typeToMock = com.api.delivery.repository.DeliveryRepository, extraInterfaces = set[[empty]], clear = AFTER], [MockkDefinition@1bd0b0e5 name = [null], typeToMock = com.api.delivery.integracao.client.rest.RestClient, extraInterfaces = set[[empty]], clear = AFTER]]), org.springframework.boot.test.autoconfigure.actuate.metrics.MetricsExportContextCustomizerFactory$DisableMetricExportContextCustomizer@4566d049, org.springframework.boot.test.autoconfigure.properties.PropertyMappingContextCustomizer@4b3fa0b3, org.springframework.boot.test.autoconfigure.web.servlet.WebDriverContextCustomizerFactory$Customizer@555cf22, [ImportsContextCustomizer@dc7b462 key = [org.springframework.boot.test.autoconfigure.web.servlet.MockMvcAutoConfiguration, org.springframework.boot.test.autoconfigure.web.servlet.MockMvcWebClientAutoConfiguration, org.springframework.boot.test.autoconfigure.web.servlet.MockMvcWebDriverAutoConfiguration, org.springframework.boot.autoconfigure.security.oauth2.client.servlet.OAuth2ClientAutoConfiguration, org.springframework.boot.autoconfigure.security.oauth2.resource.servlet.OAuth2ResourceServerAutoConfiguration, org.springframework.boot.autoconfigure.security.servlet.SecurityAutoConfiguration, org.springframework.boot.autoconfigure.security.servlet.SecurityFilterAutoConfiguration, org.springframework.boot.autoconfigure.security.servlet.UserDetailsServiceAutoConfiguration, org.springframework.boot.test.autoconfigure.web.servlet.MockMvcSecurityConfiguration, org.springframework.boot.test.autoconfigure.web.reactive.WebTestClientAutoConfiguration]], org.springframework.boot.test.context.filter.ExcludeFilterContextCustomizer@696f0212, org.springframework.boot.test.json.DuplicateJsonObjectContextCustomizerFactory$DuplicateJsonObjectContextCustomizer@f478a81, org.springframework.boot.test.mock.mockito.MockitoContextCustomizer@0, org.springframework.boot.test.web.client.TestRestTemplateContextCustomizer@25bc0606, org.springframework.boot.test.context.SpringBootTestArgs@1, org.springframework.boot.test.context.SpringBootTestWebEnvironment@316bcf94], resourceBasePath = 'src/main/webapp', contextLoader = 'org.springframework.boot.test.context.SpringBootContextLoader', parent = [null]], attributes = map['org.springframework.test.context.web.ServletTestExecutionListener.activateListener' -> false]], class annotated with @DirtiesContext [false] with mode [null].

  .   ____          _            __ _ _
 /\\ / ___'_ __ _ _(_)_ __  __ _ \ \ \ \
( ( )\___ | '_ | '_| | '_ \/ _` | \ \ \ \
 \\/  ___)| |_)| | | | | || (_| |  ) ) ) )
  '  |____| .__|_| |_|_| |_\__, | / / / /
 =========|_|==============|___/=/_/_/_/
 :: Spring Boot ::                (v2.7.0)

2022-06-24 13:40:26.622  INFO 18024 --- [    Test worker] c.a.d.controller.DeliveryControllerTest  : Starting DeliveryControllerTest using Java 17.0.2 on GFT-iyyHjwbByMX with PID 18024 (started by lopv in C:\Users\lopv\Documents\Treinamento\first-kotlin\delivery-api)
2022-06-24 13:40:26.624  INFO 18024 --- [    Test worker] c.a.d.controller.DeliveryControllerTest  : No active profile set, falling back to 1 default profile: "default"
2022-06-24 13:40:27.969  INFO 18024 --- [    Test worker] .s.d.r.c.RepositoryConfigurationDelegate : Bootstrapping Spring Data MongoDB repositories in DEFAULT mode.
2022-06-24 13:40:28.242  INFO 18024 --- [    Test worker] .s.d.r.c.RepositoryConfigurationDelegate : Finished Spring Data repository scanning in 264 ms. Found 1 MongoDB repository interfaces.
2022-06-24 13:40:28.557  INFO 18024 --- [    Test worker] o.s.cloud.context.scope.GenericScope     : BeanFactory id=4586daea-79e0-3aef-98ab-f08e2e22808d
2022-06-24 13:40:31.991  INFO 18024 --- [    Test worker] o.s.b.w.embedded.tomcat.TomcatWebServer  : Tomcat initialized with port(s): 0 (http)
2022-06-24 13:40:32.022  INFO 18024 --- [    Test worker] o.apache.catalina.core.StandardService   : Starting service [Tomcat]
2022-06-24 13:40:32.022  INFO 18024 --- [    Test worker] org.apache.catalina.core.StandardEngine  : Starting Servlet engine: [Apache Tomcat/9.0.63]
2022-06-24 13:40:32.353  INFO 18024 --- [    Test worker] o.a.c.c.C.[Tomcat].[localhost].[/]       : Initializing Spring embedded WebApplicationContext
2022-06-24 13:40:32.354  INFO 18024 --- [    Test worker] w.s.c.ServletWebServerApplicationContext : Root WebApplicationContext: initialization completed in 5697 ms
2022-06-24 13:40:35.693  INFO 18024 --- [    Test worker] org.mongodb.driver.client                : MongoClient with metadata {"driver": {"name": "mongo-java-driver|sync|spring-boot", "version": "4.6.0"}, "os": {"type": "Windows", "name": "Windows 10", "architecture": "amd64", "version": "10.0"}, "platform": "Java/Oracle Corporation/17.0.2+8-LTS-86"} created with settings MongoClientSettings{readPreference=primary, writeConcern=WriteConcern{w=null, wTimeout=null ms, journal=null}, retryWrites=true, retryReads=true, readConcern=ReadConcern{level=null}, credential=null, streamFactoryFactory=null, commandListeners=[], codecRegistry=ProvidersCodecRegistry{codecProviders=[ValueCodecProvider{}, BsonValueCodecProvider{}, DBRefCodecProvider{}, DBObjectCodecProvider{}, DocumentCodecProvider{}, IterableCodecProvider{}, MapCodecProvider{}, GeoJsonCodecProvider{}, GridFSFileCodecProvider{}, Jsr310CodecProvider{}, JsonObjectCodecProvider{}, BsonCodecProvider{}, EnumCodecProvider{}, com.mongodb.Jep395RecordCodecProvider@2f3d5cd]}, clusterSettings={hosts=[localhost:27017], srvServiceName=mongodb, mode=SINGLE, requiredClusterType=UNKNOWN, requiredReplicaSetName='null', serverSelector='null', clusterListeners='[]', serverSelectionTimeout='30000 ms', localThreshold='30000 ms'}, socketSettings=SocketSettings{connectTimeoutMS=10000, readTimeoutMS=0, receiveBufferSize=0, sendBufferSize=0}, heartbeatSocketSettings=SocketSettings{connectTimeoutMS=10000, readTimeoutMS=10000, receiveBufferSize=0, sendBufferSize=0}, connectionPoolSettings=ConnectionPoolSettings{maxSize=100, minSize=0, maxWaitTimeMS=120000, maxConnectionLifeTimeMS=0, maxConnectionIdleTimeMS=0, maintenanceInitialDelayMS=0, maintenanceFrequencyMS=60000, connectionPoolListeners=[], maxConnecting=2}, serverSettings=ServerSettings{heartbeatFrequencyMS=10000, minHeartbeatFrequencyMS=500, serverListeners='[]', serverMonitorListeners='[]'}, sslSettings=SslSettings{enabled=false, invalidHostNameAllowed=false, context=null}, applicationName='null', compressorList=[], uuidRepresentation=JAVA_LEGACY, serverApi=null, autoEncryptionSettings=null, contextProvider=null}
2022-06-24 13:40:35.697  INFO 18024 --- [localhost:27017] org.mongodb.driver.connection            : Opened connection [connectionId{localValue:1, serverValue:21}] to localhost:27017
2022-06-24 13:40:35.697  INFO 18024 --- [localhost:27017] org.mongodb.driver.connection            : Opened connection [connectionId{localValue:2, serverValue:22}] to localhost:27017
2022-06-24 13:40:35.698  INFO 18024 --- [localhost:27017] org.mongodb.driver.cluster               : Monitor thread successfully connected to server with description ServerDescription{address=localhost:27017, type=STANDALONE, state=CONNECTED, ok=true, minWireVersion=0, maxWireVersion=13, maxDocumentSize=16777216, logicalSessionTimeoutMinutes=30, roundTripTimeNanos=59832900}
2022-06-24 13:40:36.763  INFO 18024 --- [    Test worker] o.a.c.c.C.[Tomcat].[localhost].[/]       : Initializing Spring TestDispatcherServlet ''
2022-06-24 13:40:36.763  INFO 18024 --- [    Test worker] o.s.t.web.servlet.TestDispatcherServlet  : Initializing Servlet ''
2022-06-24 13:40:36.766  INFO 18024 --- [    Test worker] o.s.t.web.servlet.TestDispatcherServlet  : Completed initialization in 3 ms
2022-06-24 13:40:37.489  INFO 18024 --- [    Test worker] o.s.b.w.embedded.tomcat.TomcatWebServer  : Tomcat started on port(s): 52592 (http) with context path ''
2022-06-24 13:40:37.806  INFO 18024 --- [    Test worker] o.s.a.r.c.CachingConnectionFactory       : Attempting to connect to: [localhost:5672]
2022-06-24 13:40:37.954  INFO 18024 --- [    Test worker] o.s.a.r.c.CachingConnectionFactory       : Created new connection: rabbitConnectionFactory#49770ef9:0/SimpleConnection@694dc99b [delegate=amqp://guest@127.0.0.1:5672/, localPort= 52593]
2022-06-24 13:40:38.086  INFO 18024 --- [    Test worker] c.a.d.controller.DeliveryControllerTest  : Started DeliveryControllerTest in 12.391 seconds (JVM running for 15.17)
2022-06-24 13:40:38.087  WARN 18024 --- [ntContainer#0-1] s.a.r.l.ConditionalRejectingErrorHandler : Execution of Rabbit message listener failed.

org.springframework.amqp.rabbit.support.ListenerExecutionFailedException: Failed to convert message
	at org.springframework.amqp.rabbit.listener.adapter.MessagingMessageListenerAdapter.onMessage(MessagingMessageListenerAdapter.java:156) ~[spring-rabbit-2.4.5.jar:2.4.5]
	at org.springframework.amqp.rabbit.listener.AbstractMessageListenerContainer.doInvokeListener(AbstractMessageListenerContainer.java:1657) ~[spring-rabbit-2.4.5.jar:2.4.5]
	at org.springframework.amqp.rabbit.listener.AbstractMessageListenerContainer.actualInvokeListener(AbstractMessageListenerContainer.java:1576) ~[spring-rabbit-2.4.5.jar:2.4.5]
	at org.springframework.amqp.rabbit.listener.AbstractMessageListenerContainer.invokeListener(AbstractMessageListenerContainer.java:1564) ~[spring-rabbit-2.4.5.jar:2.4.5]
	at org.springframework.amqp.rabbit.listener.AbstractMessageListenerContainer.doExecuteListener(AbstractMessageListenerContainer.java:1555) ~[spring-rabbit-2.4.5.jar:2.4.5]
	at org.springframework.amqp.rabbit.listener.AbstractMessageListenerContainer.executeListener(AbstractMessageListenerContainer.java:1499) ~[spring-rabbit-2.4.5.jar:2.4.5]
	at org.springframework.amqp.rabbit.listener.SimpleMessageListenerContainer.doReceiveAndExecute(SimpleMessageListenerContainer.java:992) ~[spring-rabbit-2.4.5.jar:2.4.5]
	at org.springframework.amqp.rabbit.listener.SimpleMessageListenerContainer.receiveAndExecute(SimpleMessageListenerContainer.java:939) ~[spring-rabbit-2.4.5.jar:2.4.5]
	at org.springframework.amqp.rabbit.listener.SimpleMessageListenerContainer.access$1600(SimpleMessageListenerContainer.java:84) ~[spring-rabbit-2.4.5.jar:2.4.5]
	at org.springframework.amqp.rabbit.listener.SimpleMessageListenerContainer$AsyncMessageProcessingConsumer.mainLoop(SimpleMessageListenerContainer.java:1316) ~[spring-rabbit-2.4.5.jar:2.4.5]
	at org.springframework.amqp.rabbit.listener.SimpleMessageListenerContainer$AsyncMessageProcessingConsumer.run(SimpleMessageListenerContainer.java:1222) ~[spring-rabbit-2.4.5.jar:2.4.5]
	at java.base/java.lang.Thread.run(Thread.java:833) ~[na:na]
Caused by: org.springframework.amqp.support.converter.MessageConversionException: failed to resolve class name. Class not found [com.api.purchases.controller.response.PurchasesResponse]
	at org.springframework.amqp.support.converter.DefaultJackson2JavaTypeMapper.getClassIdType(DefaultJackson2JavaTypeMapper.java:189) ~[spring-amqp-2.4.5.jar:2.4.5]
	at org.springframework.amqp.support.converter.DefaultJackson2JavaTypeMapper.fromTypeHeader(DefaultJackson2JavaTypeMapper.java:146) ~[spring-amqp-2.4.5.jar:2.4.5]
	at org.springframework.amqp.support.converter.DefaultJackson2JavaTypeMapper.toJavaType(DefaultJackson2JavaTypeMapper.java:122) ~[spring-amqp-2.4.5.jar:2.4.5]
	at org.springframework.amqp.support.converter.AbstractJackson2MessageConverter.convertContent(AbstractJackson2MessageConverter.java:377) ~[spring-amqp-2.4.5.jar:2.4.5]
	at org.springframework.amqp.support.converter.AbstractJackson2MessageConverter.doFromMessage(AbstractJackson2MessageConverter.java:347) ~[spring-amqp-2.4.5.jar:2.4.5]
	at org.springframework.amqp.support.converter.AbstractJackson2MessageConverter.fromMessage(AbstractJackson2MessageConverter.java:309) ~[spring-amqp-2.4.5.jar:2.4.5]
	at org.springframework.amqp.support.converter.AbstractJackson2MessageConverter.fromMessage(AbstractJackson2MessageConverter.java:292) ~[spring-amqp-2.4.5.jar:2.4.5]
	at org.springframework.amqp.rabbit.listener.adapter.AbstractAdaptableMessageListener.extractMessage(AbstractAdaptableMessageListener.java:342) ~[spring-rabbit-2.4.5.jar:2.4.5]
	at org.springframework.amqp.rabbit.listener.adapter.MessagingMessageListenerAdapter$MessagingMessageConverterAdapter.extractPayload(MessagingMessageListenerAdapter.java:366) ~[spring-rabbit-2.4.5.jar:2.4.5]
	at org.springframework.amqp.support.converter.MessagingMessageConverter.fromMessage(MessagingMessageConverter.java:132) ~[spring-amqp-2.4.5.jar:2.4.5]
	at org.springframework.amqp.rabbit.listener.adapter.MessagingMessageListenerAdapter.toMessagingMessage(MessagingMessageListenerAdapter.java:243) ~[spring-rabbit-2.4.5.jar:2.4.5]
	at org.springframework.amqp.rabbit.listener.adapter.MessagingMessageListenerAdapter.onMessage(MessagingMessageListenerAdapter.java:146) ~[spring-rabbit-2.4.5.jar:2.4.5]
	... 11 common frames omitted
Caused by: java.lang.ClassNotFoundException: com.api.purchases.controller.response.PurchasesResponse
	at java.base/jdk.internal.loader.BuiltinClassLoader.loadClass(BuiltinClassLoader.java:641) ~[na:na]
	at java.base/jdk.internal.loader.ClassLoaders$AppClassLoader.loadClass(ClassLoaders.java:188) ~[na:na]
	at java.base/java.lang.ClassLoader.loadClass(ClassLoader.java:520) ~[na:na]
	at java.base/java.lang.Class.forName0(Native Method) ~[na:na]
	at java.base/java.lang.Class.forName(Class.java:467) ~[na:na]
	at org.springframework.util.ClassUtils.forName(ClassUtils.java:284) ~[spring-core-5.3.20.jar:5.3.20]
	at org.springframework.amqp.support.converter.DefaultJackson2JavaTypeMapper.getClassIdType(DefaultJackson2JavaTypeMapper.java:185) ~[spring-amqp-2.4.5.jar:2.4.5]
	... 22 common frames omitted

2022-06-24 13:40:38.091  WARN 18024 --- [ntContainer#0-1] ingErrorHandler$DefaultExceptionStrategy : Fatal message conversion error; message rejected; it will be dropped or routed to a dead letter exchange, if so configured: (Body:'[B@7dae6a1b(byte[186])' MessageProperties [headers={__TypeId__=com.api.purchases.controller.response.PurchasesResponse}, contentType=application/json, contentEncoding=UTF-8, contentLength=0, receivedDeliveryMode=PERSISTENT, priority=0, redelivered=true, receivedExchange=DIRECT-EXCHANGE, receivedRoutingKey=, deliveryTag=1, consumerTag=amq.ctag-uBs7oY5kGvWW-tRngDSJHw, consumerQueue=PURCHASES-MODEL-QUEUE])
2022-06-24 13:40:38.094 ERROR 18024 --- [ntContainer#0-1] o.s.a.r.l.SimpleMessageListenerContainer : Execution of Rabbit message listener failed, and the error handler threw an exception

org.springframework.amqp.AmqpRejectAndDontRequeueException: Error Handler converted exception to fatal
	at org.springframework.amqp.rabbit.listener.ConditionalRejectingErrorHandler.handleError(ConditionalRejectingErrorHandler.java:146) ~[spring-rabbit-2.4.5.jar:2.4.5]
	at org.springframework.amqp.rabbit.listener.AbstractMessageListenerContainer.invokeErrorHandler(AbstractMessageListenerContainer.java:1461) ~[spring-rabbit-2.4.5.jar:2.4.5]
	at org.springframework.amqp.rabbit.listener.AbstractMessageListenerContainer.handleListenerException(AbstractMessageListenerContainer.java:1745) ~[spring-rabbit-2.4.5.jar:2.4.5]
	at org.springframework.amqp.rabbit.listener.AbstractMessageListenerContainer.executeListener(AbstractMessageListenerContainer.java:1520) ~[spring-rabbit-2.4.5.jar:2.4.5]
	at org.springframework.amqp.rabbit.listener.SimpleMessageListenerContainer.doReceiveAndExecute(SimpleMessageListenerContainer.java:992) ~[spring-rabbit-2.4.5.jar:2.4.5]
	at org.springframework.amqp.rabbit.listener.SimpleMessageListenerContainer.receiveAndExecute(SimpleMessageListenerContainer.java:939) ~[spring-rabbit-2.4.5.jar:2.4.5]
	at org.springframework.amqp.rabbit.listener.SimpleMessageListenerContainer.access$1600(SimpleMessageListenerContainer.java:84) ~[spring-rabbit-2.4.5.jar:2.4.5]
	at org.springframework.amqp.rabbit.listener.SimpleMessageListenerContainer$AsyncMessageProcessingConsumer.mainLoop(SimpleMessageListenerContainer.java:1316) ~[spring-rabbit-2.4.5.jar:2.4.5]
	at org.springframework.amqp.rabbit.listener.SimpleMessageListenerContainer$AsyncMessageProcessingConsumer.run(SimpleMessageListenerContainer.java:1222) ~[spring-rabbit-2.4.5.jar:2.4.5]
	at java.base/java.lang.Thread.run(Thread.java:833) ~[na:na]
Caused by: org.springframework.amqp.rabbit.support.ListenerExecutionFailedException: Failed to convert message
	at org.springframework.amqp.rabbit.listener.adapter.MessagingMessageListenerAdapter.onMessage(MessagingMessageListenerAdapter.java:156) ~[spring-rabbit-2.4.5.jar:2.4.5]
	at org.springframework.amqp.rabbit.listener.AbstractMessageListenerContainer.doInvokeListener(AbstractMessageListenerContainer.java:1657) ~[spring-rabbit-2.4.5.jar:2.4.5]
	at org.springframework.amqp.rabbit.listener.AbstractMessageListenerContainer.actualInvokeListener(AbstractMessageListenerContainer.java:1576) ~[spring-rabbit-2.4.5.jar:2.4.5]
	at org.springframework.amqp.rabbit.listener.AbstractMessageListenerContainer.invokeListener(AbstractMessageListenerContainer.java:1564) ~[spring-rabbit-2.4.5.jar:2.4.5]
	at org.springframework.amqp.rabbit.listener.AbstractMessageListenerContainer.doExecuteListener(AbstractMessageListenerContainer.java:1555) ~[spring-rabbit-2.4.5.jar:2.4.5]
	at org.springframework.amqp.rabbit.listener.AbstractMessageListenerContainer.executeListener(AbstractMessageListenerContainer.java:1499) ~[spring-rabbit-2.4.5.jar:2.4.5]
	... 6 common frames omitted
Caused by: org.springframework.amqp.support.converter.MessageConversionException: failed to resolve class name. Class not found [com.api.purchases.controller.response.PurchasesResponse]
	at org.springframework.amqp.support.converter.DefaultJackson2JavaTypeMapper.getClassIdType(DefaultJackson2JavaTypeMapper.java:189) ~[spring-amqp-2.4.5.jar:2.4.5]
	at org.springframework.amqp.support.converter.DefaultJackson2JavaTypeMapper.fromTypeHeader(DefaultJackson2JavaTypeMapper.java:146) ~[spring-amqp-2.4.5.jar:2.4.5]
	at org.springframework.amqp.support.converter.DefaultJackson2JavaTypeMapper.toJavaType(DefaultJackson2JavaTypeMapper.java:122) ~[spring-amqp-2.4.5.jar:2.4.5]
	at org.springframework.amqp.support.converter.AbstractJackson2MessageConverter.convertContent(AbstractJackson2MessageConverter.java:377) ~[spring-amqp-2.4.5.jar:2.4.5]
	at org.springframework.amqp.support.converter.AbstractJackson2MessageConverter.doFromMessage(AbstractJackson2MessageConverter.java:347) ~[spring-amqp-2.4.5.jar:2.4.5]
	at org.springframework.amqp.support.converter.AbstractJackson2MessageConverter.fromMessage(AbstractJackson2MessageConverter.java:309) ~[spring-amqp-2.4.5.jar:2.4.5]
	at org.springframework.amqp.support.converter.AbstractJackson2MessageConverter.fromMessage(AbstractJackson2MessageConverter.java:292) ~[spring-amqp-2.4.5.jar:2.4.5]
	at org.springframework.amqp.rabbit.listener.adapter.AbstractAdaptableMessageListener.extractMessage(AbstractAdaptableMessageListener.java:342) ~[spring-rabbit-2.4.5.jar:2.4.5]
	at org.springframework.amqp.rabbit.listener.adapter.MessagingMessageListenerAdapter$MessagingMessageConverterAdapter.extractPayload(MessagingMessageListenerAdapter.java:366) ~[spring-rabbit-2.4.5.jar:2.4.5]
	at org.springframework.amqp.support.converter.MessagingMessageConverter.fromMessage(MessagingMessageConverter.java:132) ~[spring-amqp-2.4.5.jar:2.4.5]
	at org.springframework.amqp.rabbit.listener.adapter.MessagingMessageListenerAdapter.toMessagingMessage(MessagingMessageListenerAdapter.java:243) ~[spring-rabbit-2.4.5.jar:2.4.5]
	at org.springframework.amqp.rabbit.listener.adapter.MessagingMessageListenerAdapter.onMessage(MessagingMessageListenerAdapter.java:146) ~[spring-rabbit-2.4.5.jar:2.4.5]
	... 11 common frames omitted
Caused by: java.lang.ClassNotFoundException: com.api.purchases.controller.response.PurchasesResponse
	at java.base/jdk.internal.loader.BuiltinClassLoader.loadClass(BuiltinClassLoader.java:641) ~[na:na]
	at java.base/jdk.internal.loader.ClassLoaders$AppClassLoader.loadClass(ClassLoaders.java:188) ~[na:na]
	at java.base/java.lang.ClassLoader.loadClass(ClassLoader.java:520) ~[na:na]
	at java.base/java.lang.Class.forName0(Native Method) ~[na:na]
	at java.base/java.lang.Class.forName(Class.java:467) ~[na:na]
	at org.springframework.util.ClassUtils.forName(ClassUtils.java:284) ~[spring-core-5.3.20.jar:5.3.20]
	at org.springframework.amqp.support.converter.DefaultJackson2JavaTypeMapper.getClassIdType(DefaultJackson2JavaTypeMapper.java:185) ~[spring-amqp-2.4.5.jar:2.4.5]
	... 22 common frames omitted

]]></system-out>
  <system-err><![CDATA[]]></system-err>
</testsuite>
